<?xml version="1.0" encoding="UTF-8"?>
<testng-results ignored="0" total="1" passed="1" failed="0" skipped="0">
  <reporter-output>
  </reporter-output>
  <suite started-at="2024-03-20T18:47:51 IST" name="Default suite" finished-at="2024-03-20T18:48:13 IST" duration-ms="22225">
    <groups>
    </groups>
    <test started-at="2024-03-20T18:47:51 IST" name="Default test" finished-at="2024-03-20T18:48:13 IST" duration-ms="22225">
      <class name="test.LoginTest">
        <test-method is-config="true" signature="launchApp()[pri:0, instance:test.LoginTest@443118b0]" started-at="2024-03-20T18:47:51 IST" name="launchApp" finished-at="2024-03-20T18:47:57 IST" duration-ms="6249" status="PASS">
          <reporter-output>
          </reporter-output>
        </test-method> <!-- launchApp -->
        <test-method signature="verifyLoginFeature1()[pri:0, instance:test.LoginTest@443118b0]" started-at="2024-03-20T18:47:57 IST" name="verifyLoginFeature1" finished-at="2024-03-20T18:48:06 IST" duration-ms="8915" status="PASS">
          <reporter-output>
          </reporter-output>
        </test-method> <!-- verifyLoginFeature1 -->
        <test-method is-config="true" signature="CloseApp()[pri:0, instance:test.LoginTest@443118b0]" started-at="2024-03-20T18:48:06 IST" name="CloseApp" finished-at="2024-03-20T18:48:13 IST" duration-ms="7015" status="PASS">
          <reporter-output>
          </reporter-output>
        </test-method> <!-- CloseApp -->
      </class> <!-- test.LoginTest -->
    </test> <!-- Default test -->
  </suite> <!-- Default suite -->
</testng-results>
